[debug] [2025-08-06T21:34:38.797Z] ----------------------------------------------------------------------
[debug] [2025-08-06T21:34:38.817Z] Command:       /usr/local/Cellar/node/24.3.0/bin/node /usr/local/bin/firebase init hosting
[debug] [2025-08-06T21:34:38.818Z] CLI Version:   14.11.2
[debug] [2025-08-06T21:34:38.818Z] Platform:      darwin
[debug] [2025-08-06T21:34:38.819Z] Node Version:  v24.3.0
[debug] [2025-08-06T21:34:38.819Z] Time:          Wed Aug 06 2025 15:34:38 GMT-0600 (Central Standard Time)
[debug] [2025-08-06T21:34:38.819Z] ----------------------------------------------------------------------
[debug] 
[debug] [2025-08-06T21:34:38.833Z] > command requires scopes: ["email","openid","https://www.googleapis.com/auth/cloudplatformprojects.readonly","https://www.googleapis.com/auth/firebase","https://www.googleapis.com/auth/cloud-platform"]
[debug] [2025-08-06T21:34:38.834Z] > authorizing via signed-in user (programacionarte31@gmail.com)
[info] 
     ######## #### ########  ######## ########     ###     ######  ########
     ##        ##  ##     ## ##       ##     ##  ##   ##  ##       ##
     ######    ##  ########  ######   ########  #########  ######  ######
     ##        ##  ##    ##  ##       ##     ## ##     ##       ## ##
     ##       #### ##     ## ######## ########  ##     ##  ######  ########

You're about to initialize a Firebase project in this directory:

  /Users/efra/Desktop/Portafolio/portafolio

[info] 
=== Project Setup
[info] 
[info] First, let's associate this project directory with a Firebase project.
[info] You can create multiple project aliases by running firebase use --add, 
[info] but for now we'll just set up a default project.
[info] 
[debug] [2025-08-06T21:36:20.062Z] Checked if tokens are valid: true, expires at: 1754518979223
[debug] [2025-08-06T21:36:20.063Z] Checked if tokens are valid: true, expires at: 1754518979223
[debug] [2025-08-06T21:36:20.068Z] >>> [apiv2][query] GET https://firebase.googleapis.com/v1beta1/projects pageSize=100
[debug] [2025-08-06T21:36:20.537Z] <<< [apiv2][status] GET https://firebase.googleapis.com/v1beta1/projects 200
[debug] [2025-08-06T21:36:20.537Z] <<< [apiv2][body] GET https://firebase.googleapis.com/v1beta1/projects [omitted]
[info] i  Using project portafolioefra-2be87 (PortafolioEfra) 
[info] 
=== Hosting Setup
[debug] [2025-08-06T21:36:24.204Z] Checked if tokens are valid: true, expires at: 1754518979223
[debug] [2025-08-06T21:36:24.204Z] Checked if tokens are valid: true, expires at: 1754518979223
[debug] [2025-08-06T21:36:24.205Z] >>> [apiv2][query] GET https://firebase.googleapis.com/v1beta1/projects/portafolioefra-2be87 [none]
[debug] [2025-08-06T21:36:24.403Z] <<< [apiv2][status] GET https://firebase.googleapis.com/v1beta1/projects/portafolioefra-2be87 200
[debug] [2025-08-06T21:36:24.403Z] <<< [apiv2][body] GET https://firebase.googleapis.com/v1beta1/projects/portafolioefra-2be87 {"projectId":"portafolioefra-2be87","projectNumber":"365466251442","displayName":"PortafolioEfra","name":"projects/portafolioefra-2be87","resources":{"hostingSite":"portafolioefra-2be87"},"state":"ACTIVE","etag":"1_f113d511-8ffd-474c-b645-7288ce016baa"}
[info] 
[info] Your public directory is the folder (relative to your project directory) that
[info] will contain Hosting assets to be uploaded with firebase deploy. If you
[info] have a build process for your assets, use your build's output directory.
[info] 
[debug] [2025-08-06T21:36:32.079Z] ExitPromptError: User force closed the prompt with SIGINT
    at Interface.sigint (/usr/local/lib/node_modules/firebase-tools/node_modules/@inquirer/core/dist/commonjs/lib/create-prompt.js:101:37)
    at Interface.emit (node:events:507:28)
    at Interface.emit (node:domain:489:12)
    at [_ttyWrite] [as _ttyWrite] (node:internal/readline/interface:1315:18)
    at ReadStream.onkeypress (node:internal/readline/interface:284:20)
    at ReadStream.emit (node:events:519:35)
    at ReadStream.emit (node:domain:489:12)
    at emitKeys (node:internal/readline/utils:371:14)
    at emitKeys.next (<anonymous>)
    at ReadStream.onData (node:internal/readline/emitKeypressEvents:64:36)
[error] 
[error] Error: An unexpected error has occurred.
